Wed Nov 16 17:14:16 EST 2022
$PROBLEM From bbr: see 1100.yaml for details

$INPUT C NUM ID TIME SEQ CMT EVID AMT DV AGE WT HT EGFR ALB BMI SEX AAG
  SCR AST ALT CP TAFD TAD LDOS MDV BLQ PHASE

$DATA ../../../../../extdata/analysis3.csv IGNORE=(C='C', BLQ=1)

$SUBROUTINE ADVAN4 TRANS4

$PK

;log transformed PK parms

  CLEGFR = LOG(EGFR/90) * THETA(6)
  CLAGE  = LOG(AGE/35) * THETA(7)
  CLALB  = LOG(ALB/4.5) * THETA(8)

  V2WT   = LOG(WT/70)
  CLWT   = LOG(WT/70) * 0.75
  V3WT   = LOG(WT/70)
  QWT    = LOG(WT/70) * 0.75

  MU_1   = THETA(1)
  MU_2   = THETA(2) + V2WT
  MU_3   = THETA(3) + CLWT + CLEGFR + CLAGE + CLALB
  MU_4   = THETA(4) + V3WT
  MU_5   = THETA(5) + QWT

  KA     = EXP(MU_1 + ETA(1))
  V2     = EXP(MU_2 + ETA(2))
  CL     = EXP(MU_3 + ETA(3))
  V3     = EXP(MU_4 + ETA(4))
  Q      = EXP(MU_5 + ETA(5))

  S2     = V2/1000 ; dose in mcg, conc in mcg/mL

$ERROR

  IPRED = F
  Y     = IPRED * (1 + EPS(1))

$THETA
; log values
  (0.5)   ; 1 KA (1/hr) - 1.5
  (3.5)   ; 2 V2 (L) - 60
  (1)     ; 3 CL (L/hr) - 3.5
  (4)     ; 4 V3 (L) - 70
  (2)     ; 5 Q  (L/hr) - 4
  (1)     ; 6 CLEGFR~CL ()
  (1)     ; 7 AGE~CL ()
  (0.5)   ; 8 ALB~CL ()

$OMEGA BLOCK(3)
  0.2           ; ETA(KA)
  0.01 0.2      ; ETA(V2)
  0.01 0.01 0.2 ; ETA(CL)
$OMEGA
  0.025 FIX    ; ETA(V3)
  0.025 FIX    ; ETA(Q)

$SIGMA
  0.05          ; 1 pro error

$PRIOR NWPRI

$THETAP
  (0.5) FIX      ; 1 KA (1/hr) - 1.5
  (3.5) FIX      ; 2 V2 (L) - 60
  (1)   FIX      ; 3 CL (L/hr) - 3.5
  (4)   FIX      ; 4 V3 (L) - 70
  (2)   FIX      ; 5 Q  (L/hr) - 4
  (1)   FIX   ; 6 CLEGFR~CL ()
  (1)   FIX   ; 7 AGE~CL ()
  (0.5) FIX   ; 8 ALB~CL ()
$THETAPV BLOCK(8) VALUES(10, 0) FIX

$OMEGAP BLOCK(3) VALUES(0.2, 0.01) FIX

$OMEGAPD (3 FIX)

$SIGMAP
  0.05 FIX           ; 1 pro error

$SIGMAPD (1 FIX)

;;; ---------- nmbayes start ----------
; CHAIN options:
;   CTYPE=0: initial estimates for THETA are sampled from a uniform
;     distribution between (1-IACCEPT)*THETA and (1+IACCEPT)*THETA)
;   CTYPE=2: initial estimates for THETA are from a normal distribution with
;     mean from the initial estimate in $THETA and variance from $THETAPV
;   DF=0: initial estimates for OMEGA come from Wishart distribution using
;     values in $OMEGA and degrees of freedom equal to dimensions of OMEGA
;   DFS=0: initial estimates for SIGMA come from Wishart distribution using
;     values in $SIGMA and degrees of freedom equal to dimensions of SIGMA
$EST METHOD=CHAIN FILE=../1100.chn NSAMPLE=0 ISAMPLE=1 SEED=1 CTYPE=0 IACCEPT=0.3 DF=10 DFS=0
$EST METHOD=BAYES CTYPE=0 SEED=1 NBURN=10 NITER=50 PRINT=10 MSFO=./1100.msf RANMETHOD=P PARAFPRINT=10000 BAYES_PHI_STORE=1

$TABLE NUM CL V2 Q V3 KA ETAS(1:LAST) EPRED IPRED NPDE EWRES NOPRINT ONEHEADER FILE=1100.tab RANMETHOD=P
;;; ---------- nmbayes end ------------

NM-TRAN MESSAGES
  
 WARNINGS AND ERRORS (IF ANY) FOR PROBLEM    1
             
 (WARNING  2) NM-TRAN INFERS THAT THE DATA ARE POPULATION.

 (MU_WARNING 26) DATA ITEM(S) USED IN DEFINITION OF MU_(S) SHOULD BE CONSTANT FOR INDIV. REC.:
  WT EGFR AGE ALB
             
 (WARNING  121) INTERACTION IS IMPLIED WITH EM/BAYES ESTIMATION METHODS

 LIM VALUES MAXLIM ASSESSED BY NMTRAN: 1,2,3,4,5,6,7,8,10,11,13,15,16        

License Registered to: Metrum Research Group (with RADAR5NM)
Expiration Date:    14 JUL 2023
Current Date:       16 NOV 2022
Days until program expires : 243
1NONLINEAR MIXED EFFECTS MODEL PROGRAM (NONMEM) VERSION 7.5.0
 ORIGINALLY DEVELOPED BY STUART BEAL, LEWIS SHEINER, AND ALISON BOECKMANN
 CURRENT DEVELOPERS ARE ROBERT BAUER, ICON DEVELOPMENT SOLUTIONS,
 AND ALISON BOECKMANN. IMPLEMENTATION, EFFICIENCY, AND STANDARDIZATION
 PERFORMED BY NOUS INFOSYSTEMS.

 PROBLEM NO.:         1
 From bbr: see 1100.yaml for details
0DATA CHECKOUT RUN:              NO
 DATA SET LOCATED ON UNIT NO.:    2
 THIS UNIT TO BE REWOUND:        NO
 NO. OF DATA RECS IN DATA SET:     4292
 NO. OF DATA ITEMS IN DATA SET:  27
 ID DATA ITEM IS DATA ITEM NO.:   3
 DEP VARIABLE IS DATA ITEM NO.:   9
 MDV DATA ITEM IS DATA ITEM NO.: 25
0INDICES PASSED TO SUBROUTINE PRED:
   7   4   8   0   0   0   6   0   0   0   0
0LABELS FOR DATA ITEMS:
 C NUM ID TIME SEQ CMT EVID AMT DV AGE WT HT EGFR ALB BMI SEX AAG SCR AST ALT CP TAFD TAD LDOS MDV BLQ PHASE
0(NONBLANK) LABELS FOR PRED-DEFINED ITEMS:
 KA V2 CL V3 Q IPRED
0FORMAT FOR DATA:
 (2(10E7.0/),7E7.0)

 TOT. NO. OF OBS RECS:     3142
 TOT. NO. OF INDIVIDUALS:      160
0LENGTH OF THETA:  18
0DEFAULT THETA BOUNDARY TEST OMITTED:    NO
0OMEGA HAS BLOCK FORM:
  1
  1  1
  1  1  1
  0  0  0  2
  0  0  0  0  3
  0  0  0  0  0  4
  0  0  0  0  0  4  4
  0  0  0  0  0  4  4  4
  0  0  0  0  0  4  4  4  4
  0  0  0  0  0  4  4  4  4  4
  0  0  0  0  0  4  4  4  4  4  4
  0  0  0  0  0  4  4  4  4  4  4  4
  0  0  0  0  0  4  4  4  4  4  4  4  4
  0  0  0  0  0  0  0  0  0  0  0  0  0  5
  0  0  0  0  0  0  0  0  0  0  0  0  0  5  5
  0  0  0  0  0  0  0  0  0  0  0  0  0  5  5  5
0DEFAULT OMEGA BOUNDARY TEST OMITTED:    NO
0SIGMA HAS BLOCK FORM:
  1
  0  2
0DEFAULT SIGMA BOUNDARY TEST OMITTED:    NO
0INITIAL ESTIMATE OF THETA:
 LOWER BOUND    INITIAL EST    UPPER BOUND
 -0.1000E+07     0.5000E+00     0.1000E+07
 -0.1000E+07     0.3500E+01     0.1000E+07
 -0.1000E+07     0.1000E+01     0.1000E+07
 -0.1000E+07     0.4000E+01     0.1000E+07
 -0.1000E+07     0.2000E+01     0.1000E+07
 -0.1000E+07     0.1000E+01     0.1000E+07
 -0.1000E+07     0.1000E+01     0.1000E+07
 -0.1000E+07     0.5000E+00     0.1000E+07
  0.5000E+00     0.5000E+00     0.5000E+00
  0.3500E+01     0.3500E+01     0.3500E+01
  0.1000E+01     0.1000E+01     0.1000E+01
  0.4000E+01     0.4000E+01     0.4000E+01
  0.2000E+01     0.2000E+01     0.2000E+01
  0.1000E+01     0.1000E+01     0.1000E+01
  0.1000E+01     0.1000E+01     0.1000E+01
  0.5000E+00     0.5000E+00     0.5000E+00
  0.3000E+01     0.3000E+01     0.3000E+01
  0.1000E+01     0.1000E+01     0.1000E+01
0INITIAL ESTIMATE OF OMEGA:
 BLOCK SET NO.   BLOCK                                                                    FIXED
        1                                                                                   NO
                  0.2000E+00
                  0.1000E-01   0.2000E+00
                  0.1000E-01   0.1000E-01   0.2000E+00
        2                                                                                  YES
                  0.2500E-01
        3                                                                                  YES
                  0.2500E-01
        4                                                                                  YES
                  0.1000E+02
                  0.0000E+00   0.1000E+02
                  0.0000E+00   0.0000E+00   0.1000E+02
                  0.0000E+00   0.0000E+00   0.0000E+00   0.1000E+02
                  0.0000E+00   0.0000E+00   0.0000E+00   0.0000E+00   0.1000E+02
                  0.0000E+00   0.0000E+00   0.0000E+00   0.0000E+00   0.0000E+00   0.1000E+02
                  0.0000E+00   0.0000E+00   0.0000E+00   0.0000E+00   0.0000E+00   0.0000E+00   0.1000E+02
                  0.0000E+00   0.0000E+00   0.0000E+00   0.0000E+00   0.0000E+00   0.0000E+00   0.0000E+00   0.1000E+02
        5                                                                                  YES
                  0.2000E+00
                  0.1000E-01   0.2000E+00
                  0.1000E-01   0.1000E-01   0.2000E+00
0INITIAL ESTIMATE OF SIGMA:
 BLOCK SET NO.   BLOCK                                                                    FIXED
        1                                                                                   NO
                  0.5000E-01
        2                                                                                  YES
                  0.5000E-01
0TABLES STEP OMITTED:    NO
 NO. OF TABLES:           1
 SEED NUMBER (SEED):    11456
 RANMETHOD:             3UP
 MC SAMPLES (ESAMPLE):    300
 WRES SQUARE ROOT TYPE (WRESCHOL): EIGENVALUE
0-- TABLE   1 --
0RECORDS ONLY:    ALL
04 COLUMNS APPENDED:    YES
 PRINTED:                NO
 HEADERS:               ONE
 FILE TO BE FORWARDED:   NO
 FORMAT:                S1PE11.4
 IDFORMAT:
 LFORMAT:
 RFORMAT:
 FIXED_EFFECT_ETAS:
0USER-CHOSEN ITEMS:
 NUM CL V2 Q V3 KA ETA1 ETA2 ETA3 ETA4 ETA5 EPRED IPRED NPDE EWRES
0
 PRIOR SUBROUTINE USER-SUPPLIED
1DOUBLE PRECISION PREDPP VERSION 7.5.0

 TWO COMPARTMENT MODEL WITH FIRST-ORDER ABSORPTION (ADVAN4)
0MAXIMUM NO. OF BASIC PK PARAMETERS:   5
0BASIC PK PARAMETERS (AFTER TRANSLATION):
   BASIC PK PARAMETER NO.  1: ELIMINATION RATE (K)
   BASIC PK PARAMETER NO.  2: CENTRAL-TO-PERIPH. RATE (K23)
   BASIC PK PARAMETER NO.  3: PERIPH.-TO-CENTRAL RATE (K32)
   BASIC PK PARAMETER NO.  5: ABSORPTION RATE (KA)
 TRANSLATOR WILL CONVERT PARAMETERS
 CL, V2, Q, V3 TO K, K23, K32 (TRANS4)
0COMPARTMENT ATTRIBUTES
 COMPT. NO.   FUNCTION   INITIAL    ON/OFF      DOSE      DEFAULT    DEFAULT
                         STATUS     ALLOWED    ALLOWED    FOR DOSE   FOR OBS.
    1         DEPOT        OFF        YES        YES        YES        NO
    2         CENTRAL      ON         NO         YES        NO         YES
    3         PERIPH.      ON         NO         YES        NO         NO
    4         OUTPUT       OFF        YES        NO         NO         NO
1
 ADDITIONAL PK PARAMETERS - ASSIGNMENT OF ROWS IN GG
 COMPT. NO.                             INDICES
              SCALE      BIOAVAIL.   ZERO-ORDER  ZERO-ORDER  ABSORB
                         FRACTION    RATE        DURATION    LAG
    1            *           *           *           *           *
    2            6           *           *           *           *
    3            *           *           *           *           *
    4            *           -           -           -           -
             - PARAMETER IS NOT ALLOWED FOR THIS MODEL
             * PARAMETER IS NOT SUPPLIED BY PK SUBROUTINE;
               WILL DEFAULT TO ONE IF APPLICABLE
0DATA ITEM INDICES USED BY PRED ARE:
   EVENT ID DATA ITEM IS DATA ITEM NO.:      7
   TIME DATA ITEM IS DATA ITEM NO.:          4
   DOSE AMOUNT DATA ITEM IS DATA ITEM NO.:   8
   COMPT. NO. DATA ITEM IS DATA ITEM NO.:    6

0PK SUBROUTINE CALLED WITH EVERY EVENT RECORD.
 PK SUBROUTINE NOT CALLED AT NONEVENT (ADDITIONAL OR LAGGED) DOSE TIMES.
0ERROR SUBROUTINE CALLED WITH EVERY EVENT RECORD.
1


 #TBLN:      1
 #METH: Chain Method Processing

 RANDOM GENERATION TYPE (CTYPE):     0
 RANDOM GENERATION SEED (SEED):      1
 RANDOM SAMPLE SELECTION (ISAMPLE):  1
 RANDOM SAMPLE RANGE END (ISAMPEND): -2147483647
 NUMBER OF RANDOM SAMPLES (NSAMPLE): 0
 UNIFORM FRACTIONAL RANGE (IACCEPT): 0.300000000000000
 RANDOM SELECTION TYPE (SELECT):     0
 DEG. FR. TO GENERATE OMEGAS (DF):   10
 DEG. FR. TO GENERATE SIGMAS (DFS):  0
 CHAIN FILE (FILE):                  ../1100.chn
 EXCL. TITLE IN CHAIN FILE (NOTITLE):NO
 EX. COL. LBS. IN CHAIN FL.(NOLABEL):NO
 FORMAT FOR CHAIN FILE (FORMAT):     S1PE12.5
 PAR. ORDER in CHAIN FILE (ORDER):   TSOL
 RANDOM SAMPLING METHOD (RANMETHOD):3U

 THE FOLLOWING LABELS ARE EQUIVALENT
 PRED=NPRED
 RES=NRES
 WRES=NWRES
 IWRS=NIWRES
 IPRD=NIPRED
 IRS=NIRES



 FROM SAMPLE 1 OF CHAIN FILE ../1100.chn
 NEW INITIAL ESTIMATES OF THETA
  0.4395E+00
  0.3952E+01
  0.7198E+00
  0.4899E+01
  0.2041E+01
  0.1079E+01
  0.1235E+01
  0.4273E+00
 NEW INITIAL ESTIMATES OF OMEGA
  0.6267E+00
  0.2257E+00  0.3758E+00
 -0.5063E-01  0.1085E+00  0.3958E+00
  0.0000E+00  0.0000E+00  0.0000E+00  0.2500E-01
  0.0000E+00  0.0000E+00  0.0000E+00  0.0000E+00  0.2500E-01
 NEW INITIAL ESTIMATES OF SIGMA
  0.8931E+00
1


 #TBLN:      1
 #METH: MCMC Bayesian Analysis

 ESTIMATION STEP OMITTED:                 NO
 ANALYSIS TYPE:                           POPULATION
 NUMBER OF SADDLE POINT RESET ITERATIONS:      0
 GRADIENT METHOD USED:               NOSLOW
 CONDITIONAL ESTIMATES USED:              YES
 CENTERED ETA:                            NO
 EPS-ETA INTERACTION:                     YES
 LAPLACIAN OBJ. FUNC.:                    NO
 NO. OF FUNCT. EVALS. ALLOWED:            5928
 NO. OF SIG. FIGURES REQUIRED:            3
 INTERMEDIATE PRINTOUT:                   YES
 ESTIMATE OUTPUT TO MSF:                  YES
 IND. OBJ. FUNC. VALUES SORTED:           NO
 NUMERICAL DERIVATIVE
       FILE REQUEST (NUMDER):               NONE
 MAP (ETAHAT) ESTIMATION METHOD (OPTMAP):   0
 ETA HESSIAN EVALUATION METHOD (ETADER):    0
 INITIAL ETA FOR MAP ESTIMATION (MCETA):    0
 SIGDIGITS FOR MAP ESTIMATION (SIGLO):      100
 GRADIENT SIGDIGITS OF
       FIXED EFFECTS PARAMETERS (SIGL):     100
 NOPRIOR SETTING (NOPRIOR):                 0
 NOCOV SETTING (NOCOV):                     OFF
 DERCONT SETTING (DERCONT):                 OFF
 FINAL ETA RE-EVALUATION (FNLETA):          1
 EXCLUDE NON-INFLUENTIAL (NON-INFL.) ETAS
       IN SHRINKAGE (ETASTYPE):             NO
 NON-INFL. ETA CORRECTION (NONINFETA):      0
 RAW OUTPUT FILE (FILE): 1100_1.ext
 EXCLUDE TITLE (NOTITLE):                   NO
 EXCLUDE COLUMN LABELS (NOLABEL):           NO
 FORMAT FOR ADDITIONAL FILES (FORMAT):      S1PE12.5
 PARAMETER ORDER FOR OUTPUTS (ORDER):       TSOL
 KNUTHSUMOFF:                               0
 INCLUDE LNTWOPI:                           NO
 INCLUDE CONSTANT TERM TO PRIOR (PRIORC):   NO
 INCLUDE CONSTANT TERM TO OMEGA (ETA) (OLNTWOPI):NO
 EM OR BAYESIAN METHOD USED:                MCMC BAYESIAN (BAYES)
 BAYES INDIVIDUAL PARAMETERS ONLY: NO
 MU MODELING PATTERN (MUM):
 GRADIENT/GIBBS PATTERN (GRD):
 AUTOMATIC SETTING FEATURE (AUTO):          0
 CONVERGENCE TYPE (CTYPE):                  0
 KEEP ITERATIONS (THIN):            1
 BURN-IN ITERATIONS (NBURN):                10
 FIRST ITERATION FOR MAP (MAPITERS):          NO
 ITERATIONS (NITER):                        50
 ANNEAL SETTING (CONSTRAIN):                 1
 STARTING SEED FOR MC METHODS (SEED):       1
 MC SAMPLES PER SUBJECT (ISAMPLE):          1
 RANDOM SAMPLING METHOD (RANMETHOD):        3UP
 PROPOSAL DENSITY SCALING RANGE
              (ISCALE_MIN, ISCALE_MAX):     1.000000000000000E-06   ,1000000.00000000
 SAMPLE ACCEPTANCE RATE (IACCEPT):          0.400000000000000
 METROPOLIS HASTINGS SAMPLING FOR INDIVIDUAL ETAS:
 SAMPLES FOR GLOBAL SEARCH KERNEL (ISAMPLE_M1):          2
 SAMPLES FOR NEIGHBOR SEARCH KERNEL (ISAMPLE_M1A):       0
 SAMPLES FOR MASS/IMP/POST. MATRIX SEARCH (ISAMPLE_M1B): 2
 SAMPLES FOR LOCAL SEARCH KERNEL (ISAMPLE_M2):           2
 SAMPLES FOR LOCAL UNIVARIATE KERNEL (ISAMPLE_M3):       2
 PWR. WT. MASS/IMP/POST MATRIX ACCUM. FOR ETAS (IKAPPA): 1.00000000000000
 MASS/IMP./POST. MATRIX REFRESH SETTING (MASSRESET):      -1
 METROPOLIS HASTINGS POPULATION SAMPLING FOR NON-GIBBS
 SAMPLED THETAS AND SIGMAS:
 PROPOSAL DENSITY SCALING RANGE
              (PSCALE_MIN, PSCALE_MAX):   1.000000000000000E-02   ,1000.00000000000
 SAMPLE ACCEPTANCE RATE (PACCEPT):                       0.500000000000000
 SAMPLES FOR GLOBAL SEARCH KERNEL (PSAMPLE_M1):          1
 SAMPLES FOR LOCAL SEARCH KERNEL (PSAMPLE_M2):           -1
 SAMPLES FOR LOCAL UNIVARIATE KERNEL (PSAMPLE_M3):       1
 METROPOLIS HASTINGS POPULATION SAMPLING FOR NON-GIBBS
 SAMPLED OMEGAS:
 SAMPLE ACCEPTANCE RATE (OACCEPT):                       0.500000000000000
 SAMPLES FOR GLOBAL SEARCH KERNEL (OSAMPLE_M1):          -1
 SAMPLES FOR LOCAL SEARCH KERNEL (OSAMPLE_M2):           8
 SAMPLES FOR LOCAL UNIVARIATE SEARCH KERNEL (OSAMPLE_M3):8
 USER DEFINED PRIOR SETTING FOR THETAS: (TPU):        0.00000000000000
 WEIGHT FACTOR FOR STD PRIOR FOR SIGMAS (SVARF): -1.000000000000000+300


 THE FOLLOWING LABELS ARE EQUIVALENT
 PRED=PREDI
 RES=RESI
 WRES=WRESI
 IWRS=IWRESI
 IPRD=IPREDI
 IRS=IRESI

 EM/BAYES SETUP:
 THETAS THAT ARE MU MODELED:
   1   2   3   4   5   6   7   8
 THETAS THAT ARE GIBBS SAMPLED:
   1   2   3   4   5   6   7   8
 THETAS THAT ARE METROPOLIS-HASTINGS SAMPLED:
 
 SIGMAS THAT ARE GIBBS SAMPLED:
   1
 SIGMAS THAT ARE METROPOLIS-HASTINGS SAMPLED:
 
 OMEGAS ARE GIBBS SAMPLED

 MONITORING OF SEARCH:

 Burn-in Mode
 iteration          -10 MCMCOBJ=    35760.132798319690     
 Sampling Mode
 iteration            0 MCMCOBJ=    28922.723084634668     
 iteration           10 MCMCOBJ=    28717.104258823096     
 iteration           20 MCMCOBJ=    28496.530459128706     
 iteration           30 MCMCOBJ=    28397.671192508347     
 iteration           40 MCMCOBJ=    28346.809395397566     
 iteration           50 MCMCOBJ=    28392.586231576719     

 #TERM:
 BURN-IN WAS NOT TESTED FOR CONVERGENCE
 STATISTICAL PORTION WAS COMPLETED

 ETABAR IS THE ARITHMETIC MEAN OF THE ETA-ESTIMATES,
 AND THE P-VALUE IS GIVEN FOR THE NULL HYPOTHESIS THAT THE TRUE MEAN IS 0.

 ETABAR:         1.1664E-02  6.9104E-03  6.7408E-04 -5.0980E-03 -6.2055E-03
 SE:             3.6709E-02  2.6039E-02  2.6279E-02  5.6122E-03  5.3092E-03
 N:                     160         160         160         160         160

 P VAL.:         7.5068E-01  7.9072E-01  9.7954E-01  3.6368E-01  2.4248E-01

 ETASHRINKSD(%)  1.7375E+01  1.1541E+01  3.7677E+00  5.4961E+01  5.7393E+01
 ETASHRINKVR(%)  3.1731E+01  2.1750E+01  7.3935E+00  7.9715E+01  8.1846E+01
 EBVSHRINKSD(%)  2.3163E+01  1.2355E+01  1.4074E+00  5.3024E+01  1.0000E+02
 EBVSHRINKVR(%)  4.0961E+01  2.3184E+01  2.7950E+00  7.7932E+01  1.0000E+02
 RELATIVEINF(%)  6.5485E+01  9.3930E+01  9.6145E+01  4.1223E+01  1.0000E+02
 EPSSHRINKSD(%)  7.8249E+00
 EPSSHRINKVR(%)  1.5038E+01

  
 TOTAL DATA POINTS NORMALLY DISTRIBUTED (N):         3142
 N*LOG(2PI) CONSTANT TO OBJECTIVE FUNCTION:    5774.6097426581628     
 OBJECTIVE FUNCTION VALUE WITHOUT CONSTANT:    28481.845864780451     
 OBJECTIVE FUNCTION VALUE WITH CONSTANT:       34256.455607438613     
 REPORTED OBJECTIVE FUNCTION DOES NOT CONTAIN CONSTANT
  
 TOTAL EFFECTIVE ETAS (NIND*NETA):                           800
 NIND*NETA*LOG(2PI) CONSTANT TO OBJECTIVE FUNCTION:    1470.3016531274764     
 OBJECTIVE FUNCTION VALUE WITHOUT CONSTANT:    28481.845864780451     
 OBJECTIVE FUNCTION VALUE WITH CONSTANT:       29952.147517907928     
 REPORTED OBJECTIVE FUNCTION DOES NOT CONTAIN CONSTANT
  
 PRIOR CONSTANT TO OBJECTIVE FUNCTION:    53.152246149163496     
 OBJECTIVE FUNCTION VALUE WITHOUT CONSTANT:    28481.845864780451     
 OBJECTIVE FUNCTION VALUE WITH CONSTANT:       28534.998110929613     
 REPORTED OBJECTIVE FUNCTION DOES NOT CONTAIN CONSTANT
  
 #TERE:
 Elapsed estimation  time in seconds:     4.43
 Elapsed covariance  time in seconds:     0.00
1
 
 
 
 
 
 
 
 
 
 
 
 
 
 
 
 
 
 
 
 
 ************************************************************************************************************************
 ********************                                                                                ********************
 ********************                              MCMC BAYESIAN ANALYSIS                            ********************
 #OBJT:**************                       AVERAGE VALUE OF LIKELIHOOD FUNCTION                     ********************
 ********************                                                                                ********************
 ************************************************************************************************************************
 





 #OBJV:********************************************    28481.846       **************************************************
 #OBJS:********************************************      131.646 (STD) **************************************************
1
 ************************************************************************************************************************
 ********************                                                                                ********************
 ********************                              MCMC BAYESIAN ANALYSIS                            ********************
 ********************                             FINAL PARAMETER ESTIMATE                           ********************
 ********************                                                                                ********************
 ************************************************************************************************************************
 


 THETA - VECTOR OF FIXED EFFECTS PARAMETERS   *********


         TH 1      TH 2      TH 3      TH 4      TH 5      TH 6      TH 7      TH 8     
 
         1.60E-01  3.95E+00  1.16E+00  4.31E+00  1.58E+00  5.06E-01 -3.95E-02  3.86E-01
 


 OMEGA - COV MATRIX FOR RANDOM EFFECTS - ETAS  ********


         ETA1      ETA2      ETA3      ETA4      ETA5     
 
 ETA1
+        3.18E-01
 
 ETA2
+        1.44E-01  1.40E-01
 
 ETA3
+        1.29E-01  8.98E-02  1.20E-01
 
 ETA4
+        0.00E+00  0.00E+00  0.00E+00  2.50E-02
 
 ETA5
+        0.00E+00  0.00E+00  0.00E+00  0.00E+00  2.50E-02
 


 SIGMA - COV MATRIX FOR RANDOM EFFECTS - EPSILONS  ****


         EPS1     
 
 EPS1
+        4.05E-02
 
1


 OMEGA - CORR MATRIX FOR RANDOM EFFECTS - ETAS  *******


         ETA1      ETA2      ETA3      ETA4      ETA5     
 
 ETA1
+        5.61E-01
 
 ETA2
+        6.77E-01  3.70E-01
 
 ETA3
+        6.62E-01  7.00E-01  3.46E-01
 
 ETA4
+        0.00E+00  0.00E+00  0.00E+00  1.58E-01
 
 ETA5
+        0.00E+00  0.00E+00  0.00E+00  0.00E+00  1.58E-01
 


 SIGMA - CORR MATRIX FOR RANDOM EFFECTS - EPSILONS  ***


         EPS1     
 
 EPS1
+        2.01E-01
 
1
 ************************************************************************************************************************
 ********************                                                                                ********************
 ********************                              MCMC BAYESIAN ANALYSIS                            ********************
 ********************                STANDARD ERROR OF ESTIMATE (From Sample Variance)               ********************
 ********************                                                                                ********************
 ************************************************************************************************************************
 


 THETA - VECTOR OF FIXED EFFECTS PARAMETERS   *********


         TH 1      TH 2      TH 3      TH 4      TH 5      TH 6      TH 7      TH 8     
 
         1.72E-01  9.58E-02  2.74E-02  6.29E-02  1.09E-01  5.99E-02  8.34E-02  8.89E-02
 


 OMEGA - COV MATRIX FOR RANDOM EFFECTS - ETAS  ********


         ETA1      ETA2      ETA3      ETA4      ETA5     
 
 ETA1
+        6.16E-02
 
 ETA2
+        4.52E-02  3.83E-02
 
 ETA3
+        2.46E-02  1.47E-02  1.33E-02
 
 ETA4
+        0.00E+00  0.00E+00  0.00E+00  0.00E+00
 
 ETA5
+        0.00E+00  0.00E+00  0.00E+00  0.00E+00  0.00E+00
 


 SIGMA - COV MATRIX FOR RANDOM EFFECTS - EPSILONS  ****


         EPS1     
 
 EPS1
+        1.78E-03
 
1


 OMEGA - CORR MATRIX FOR RANDOM EFFECTS - ETAS  *******


         ETA1      ETA2      ETA3      ETA4      ETA5     
 
 ETA1
+        5.41E-02
 
 ETA2
+        7.64E-02  4.87E-02
 
 ETA3
+        8.06E-02  5.66E-02  1.91E-02
 
 ETA4
+        0.00E+00  0.00E+00  0.00E+00  7.30E-09
 
 ETA5
+        0.00E+00  0.00E+00  0.00E+00  0.00E+00  7.30E-09
 


 SIGMA - CORR MATRIX FOR RANDOM EFFECTS - EPSILONS  ***


         EPS1     
 
 EPS1
+        4.40E-03
 
1
 ************************************************************************************************************************
 ********************                                                                                ********************
 ********************                              MCMC BAYESIAN ANALYSIS                            ********************
 ********************               COVARIANCE MATRIX OF ESTIMATE (From Sample Variance)             ********************
 ********************                                                                                ********************
 ************************************************************************************************************************
 

            TH 1      TH 2      TH 3      TH 4      TH 5      TH 6      TH 7      TH 8      OM11      OM12      OM13      OM14  
             OM15      OM22      OM23      OM24      OM25      OM33      OM34      OM35      OM44      OM45      OM55      SG11  

 
 TH 1
+        2.97E-02
 
 TH 2
+        1.58E-02  9.18E-03
 
 TH 3
+        3.13E-04  2.79E-04  7.52E-04
 
 TH 4
+       -9.36E-03 -5.37E-03 -6.49E-06  3.96E-03
 
 TH 5
+       -1.78E-02 -9.55E-03  2.45E-04  5.75E-03  1.19E-02
 
 TH 6
+       -1.11E-03 -8.50E-04  2.12E-04  3.92E-04  3.97E-04  3.59E-03
 
 TH 7
+        4.02E-03  2.22E-03  3.84E-04 -9.57E-04 -1.83E-03 -3.92E-04  6.96E-03
 
 TH 8
+       -1.39E-03 -4.73E-04  9.46E-04  2.34E-04  5.11E-04  1.52E-03 -1.43E-03  7.90E-03
 
 OM11
+       -3.37E-03 -2.37E-03 -3.52E-04  1.77E-03  1.23E-03 -3.64E-05 -4.53E-04  6.76E-04  3.79E-03
 
 OM12
+       -6.06E-03 -3.51E-03 -1.70E-04  2.43E-03  3.41E-03  1.75E-04 -6.41E-04  2.81E-04  2.14E-03  2.04E-03
 
 OM13
+        1.42E-03  6.21E-04 -1.25E-04 -2.66E-04 -1.19E-03  2.19E-04  3.38E-04  3.07E-05  8.14E-04  1.38E-04  6.03E-04
 
 OM14
+       ......... ......... ......... ......... ......... ......... ......... ......... ......... ......... ......... .........
 
 OM15
+       ......... ......... ......... ......... ......... ......... ......... ......... ......... ......... ......... .........
         .........
 
 OM22
+       -5.61E-03 -3.15E-03 -4.29E-05  2.13E-03  3.34E-03  1.69E-04 -6.20E-04  2.01E-04  1.24E-03  1.59E-03 -1.30E-04  0.00E+00
          0.00E+00  1.47E-03
 
 OM23
+       -1.20E-03 -7.28E-04 -1.88E-05  5.26E-04  6.65E-04  1.49E-04  1.03E-04  1.18E-05  4.95E-04  4.71E-04  1.61E-04  0.00E+00
          0.00E+00  3.85E-04  2.16E-04
 
 OM24
+       ......... ......... ......... ......... ......... ......... ......... ......... ......... ......... ......... .........
         ......... ......... ......... .........
 
 OM25
+       ......... ......... ......... ......... ......... ......... ......... ......... ......... ......... ......... .........
         ......... ......... ......... ......... .........
 
 OM33
+        2.36E-04  3.72E-05 -1.37E-05  8.05E-06 -1.25E-04  1.64E-04  1.46E-04 -5.09E-05  1.94E-04  8.72E-05  2.00E-04  0.00E+00
          0.00E+00  3.73E-05  1.23E-04  0.00E+00  0.00E+00  1.78E-04
 
 OM34
+       ......... ......... ......... ......... ......... ......... ......... ......... ......... ......... ......... .........
         ......... ......... ......... ......... ......... ......... .........
 
1

            TH 1      TH 2      TH 3      TH 4      TH 5      TH 6      TH 7      TH 8      OM11      OM12      OM13      OM14  
             OM15      OM22      OM23      OM24      OM25      OM33      OM34      OM35      OM44      OM45      OM55      SG11  

 
 OM35
+       ......... ......... ......... ......... ......... ......... ......... ......... ......... ......... ......... .........
         ......... ......... ......... ......... ......... ......... ......... .........
 
 OM44
+       ......... ......... ......... ......... ......... ......... ......... ......... ......... ......... ......... .........
         ......... ......... ......... ......... ......... ......... ......... ......... .........
 
 OM45
+       ......... ......... ......... ......... ......... ......... ......... ......... ......... ......... ......... .........
         ......... ......... ......... ......... ......... ......... ......... ......... ......... .........
 
 OM55
+       ......... ......... ......... ......... ......... ......... ......... ......... ......... ......... ......... .........
         ......... ......... ......... ......... ......... ......... ......... ......... ......... ......... .........
 
 SG11
+       -2.06E-04 -1.20E-04  7.83E-07  7.41E-05  1.28E-04  2.06E-05 -1.79E-05  2.02E-05  3.54E-05  4.91E-05 -1.24E-05  0.00E+00
          0.00E+00  4.30E-05  7.68E-06  0.00E+00  0.00E+00 -2.12E-06  0.00E+00  0.00E+00  0.00E+00  0.00E+00  0.00E+00  3.17E-06
 
1
 ************************************************************************************************************************
 ********************                                                                                ********************
 ********************                              MCMC BAYESIAN ANALYSIS                            ********************
 ********************              CORRELATION MATRIX OF ESTIMATE (From Sample Variance)             ********************
 ********************                                                                                ********************
 ************************************************************************************************************************
 

            TH 1      TH 2      TH 3      TH 4      TH 5      TH 6      TH 7      TH 8      OM11      OM12      OM13      OM14  
             OM15      OM22      OM23      OM24      OM25      OM33      OM34      OM35      OM44      OM45      OM55      SG11  

 
 TH 1
+        1.72E-01
 
 TH 2
+        9.57E-01  9.58E-02
 
 TH 3
+        6.63E-02  1.06E-01  2.74E-02
 
 TH 4
+       -8.64E-01 -8.91E-01 -3.76E-03  6.29E-02
 
 TH 5
+       -9.49E-01 -9.13E-01  8.18E-02  8.38E-01  1.09E-01
 
 TH 6
+       -1.08E-01 -1.48E-01  1.29E-01  1.04E-01  6.07E-02  5.99E-02
 
 TH 7
+        2.80E-01  2.78E-01  1.68E-01 -1.82E-01 -2.01E-01 -7.85E-02  8.34E-02
 
 TH 8
+       -9.09E-02 -5.56E-02  3.88E-01  4.18E-02  5.26E-02  2.86E-01 -1.92E-01  8.89E-02
 
 OM11
+       -3.18E-01 -4.01E-01 -2.09E-01  4.57E-01  1.82E-01 -9.88E-03 -8.81E-02  1.24E-01  6.16E-02
 
 OM12
+       -7.79E-01 -8.12E-01 -1.37E-01  8.54E-01  6.92E-01  6.48E-02 -1.70E-01  7.01E-02  7.69E-01  4.52E-02
 
 OM13
+        3.37E-01  2.64E-01 -1.86E-01 -1.72E-01 -4.44E-01  1.49E-01  1.65E-01  1.41E-02  5.38E-01  1.24E-01  2.46E-02
 
 OM14
+       ......... ......... ......... ......... ......... ......... ......... ......... ......... ......... ......... .........
 
 OM15
+       ......... ......... ......... ......... ......... ......... ......... ......... ......... ......... ......... .........
         .........
 
 OM22
+       -8.50E-01 -8.57E-01 -4.08E-02  8.82E-01  7.99E-01  7.35E-02 -1.94E-01  5.90E-02  5.27E-01  9.21E-01 -1.38E-01  0.00E+00
          0.00E+00  3.83E-02
 
 OM23
+       -4.76E-01 -5.16E-01 -4.66E-02  5.69E-01  4.14E-01  1.69E-01  8.42E-02  9.05E-03  5.47E-01  7.08E-01  4.47E-01  0.00E+00
          0.00E+00  6.82E-01  1.47E-02
 
 OM24
+       ......... ......... ......... ......... ......... ......... ......... ......... ......... ......... ......... .........
         ......... ......... ......... .........
 
 OM25
+       ......... ......... ......... ......... ......... ......... ......... ......... ......... ......... ......... .........
         ......... ......... ......... ......... .........
 
 OM33
+        1.03E-01  2.91E-02 -3.74E-02  9.58E-03 -8.57E-02  2.06E-01  1.31E-01 -4.29E-02  2.36E-01  1.45E-01  6.10E-01  0.00E+00
          0.00E+00  7.29E-02  6.24E-01  0.00E+00  0.00E+00  1.33E-02
 
 OM34
+       ......... ......... ......... ......... ......... ......... ......... ......... ......... ......... ......... .........
         ......... ......... ......... ......... ......... ......... .........
 
1

            TH 1      TH 2      TH 3      TH 4      TH 5      TH 6      TH 7      TH 8      OM11      OM12      OM13      OM14  
             OM15      OM22      OM23      OM24      OM25      OM33      OM34      OM35      OM44      OM45      OM55      SG11  

 
 OM35
+       ......... ......... ......... ......... ......... ......... ......... ......... ......... ......... ......... .........
         ......... ......... ......... ......... ......... ......... ......... .........
 
 OM44
+       ......... ......... ......... ......... ......... ......... ......... ......... ......... ......... ......... .........
         ......... ......... ......... ......... ......... ......... ......... ......... .........
 
 OM45
+       ......... ......... ......... ......... ......... ......... ......... ......... ......... ......... ......... .........
         ......... ......... ......... ......... ......... ......... ......... ......... ......... .........
 
 OM55
+       ......... ......... ......... ......... ......... ......... ......... ......... ......... ......... ......... .........
         ......... ......... ......... ......... ......... ......... ......... ......... ......... ......... .........
 
 SG11
+       -6.72E-01 -7.04E-01  1.60E-02  6.62E-01  6.60E-01  1.93E-01 -1.21E-01  1.28E-01  3.23E-01  6.11E-01 -2.84E-01  0.00E+00
          0.00E+00  6.30E-01  2.94E-01  0.00E+00  0.00E+00 -8.91E-02  0.00E+00  0.00E+00  0.00E+00  0.00E+00  0.00E+00  1.78E-03
 
1
 ************************************************************************************************************************
 ********************                                                                                ********************
 ********************                              MCMC BAYESIAN ANALYSIS                            ********************
 ********************           INVERSE COVARIANCE MATRIX OF ESTIMATE (From Sample Variance)         ********************
 ********************                                                                                ********************
 ************************************************************************************************************************
 

            TH 1      TH 2      TH 3      TH 4      TH 5      TH 6      TH 7      TH 8      OM11      OM12      OM13      OM14  
             OM15      OM22      OM23      OM24      OM25      OM33      OM34      OM35      OM44      OM45      OM55      SG11  

 
 TH 1
+        1.04E+03
 
 TH 2
+       -6.42E+02  2.23E+03
 
 TH 3
+       -5.62E+02 -6.02E+02  2.77E+03
 
 TH 4
+       -1.49E+02  6.97E+02 -4.42E+02  2.02E+03
 
 TH 5
+        9.31E+02  4.62E+02 -1.14E+03 -1.20E+02  2.02E+03
 
 TH 6
+        5.20E+01  2.80E+02 -2.22E+02  2.78E+01  2.35E+02  4.54E+02
 
 TH 7
+       -7.67E+01 -9.58E+01 -5.69E+01 -1.79E+01 -1.19E+02 -5.17E+00  2.12E+02
 
 TH 8
+        1.21E+02 -7.43E+01 -3.35E+02  4.43E+01  9.13E+01 -6.46E+01  4.02E+01  2.05E+02
 
 OM11
+       -2.10E+02  8.20E+02 -4.21E+02  5.42E+02  6.20E+02  3.73E+02 -1.48E+01 -1.43E+02  2.92E+03
 
 OM12
+        5.34E+02 -8.44E+02  1.06E+03 -1.88E+03 -1.26E+03 -1.72E+01 -8.30E+01  1.56E+02 -5.36E+03  2.11E+04
 
 OM13
+        2.59E+02 -1.04E+03  6.48E+02 -4.83E+02  9.53E+02 -8.97E+02  1.07E+02  5.08E+01 -2.35E+03 -5.27E+03  1.65E+04
 
 OM14
+       ......... ......... ......... ......... ......... ......... ......... ......... ......... ......... ......... .........
 
 OM15
+       ......... ......... ......... ......... ......... ......... ......... ......... ......... ......... ......... .........
         .........
 
 OM22
+        5.45E+00 -2.11E+02 -2.82E+02 -3.05E+02  5.94E+02 -2.90E+02  3.17E+02 -1.27E+01  1.28E+03 -1.31E+04  9.92E+03  0.00E+00
          0.00E+00  1.70E+04
 
 OM23
+        1.30E+03  1.38E+03 -2.16E+03  4.98E+02  1.57E+03  8.69E+02 -1.06E+03  4.64E+01  2.64E+03  2.36E+03 -1.57E+04  0.00E+00
          0.00E+00 -1.51E+04  4.66E+04
 
 OM24
+       ......... ......... ......... ......... ......... ......... ......... ......... ......... ......... ......... .........
         ......... ......... ......... .........
 
 OM25
+       ......... ......... ......... ......... ......... ......... ......... ......... ......... ......... ......... .........
         ......... ......... ......... ......... .........
 
 OM33
+       -1.82E+03  2.86E+02  1.22E+03  4.21E+02 -2.42E+03 -3.94E+02  4.57E+02 -3.97E+01  6.67E+01  1.19E+03 -2.94E+03  0.00E+00
          0.00E+00  1.29E+03 -1.63E+04  0.00E+00  0.00E+00  1.98E+04
 
 OM34
+       ......... ......... ......... ......... ......... ......... ......... ......... ......... ......... ......... .........
         ......... ......... ......... ......... ......... ......... .........
 
1

            TH 1      TH 2      TH 3      TH 4      TH 5      TH 6      TH 7      TH 8      OM11      OM12      OM13      OM14  
             OM15      OM22      OM23      OM24      OM25      OM33      OM34      OM35      OM44      OM45      OM55      SG11  

 
 OM35
+       ......... ......... ......... ......... ......... ......... ......... ......... ......... ......... ......... .........
         ......... ......... ......... ......... ......... ......... ......... .........
 
 OM44
+       ......... ......... ......... ......... ......... ......... ......... ......... ......... ......... ......... .........
         ......... ......... ......... ......... ......... ......... ......... ......... .........
 
 OM45
+       ......... ......... ......... ......... ......... ......... ......... ......... ......... ......... ......... .........
         ......... ......... ......... ......... ......... ......... ......... ......... ......... .........
 
 OM55
+       ......... ......... ......... ......... ......... ......... ......... ......... ......... ......... ......... .........
         ......... ......... ......... ......... ......... ......... ......... ......... ......... ......... .........
 
 SG11
+       -1.33E+03  5.66E+03  5.38E+02 -1.61E+03 -4.76E+02 -4.54E+03 -1.94E+03 -8.47E+02 -4.41E+03 -1.87E+04  3.03E+04  0.00E+00
          0.00E+00  1.35E+04  2.89E+03  0.00E+00  0.00E+00 -9.64E+03  0.00E+00  0.00E+00  0.00E+00  0.00E+00  0.00E+00  7.86E+05
 
 Elapsed postprocess time in seconds:     2.80
 Elapsed finaloutput time in seconds:     0.12
 #CPUT: Total CPU Time in Seconds,        8.094
Stop Time:
Wed Nov 16 17:14:30 EST 2022
