Starting NMTRAN
  
 WARNINGS AND ERRORS (IF ANY) FOR PROBLEM    1
             
 (WARNING  2) NM-TRAN INFERS THAT THE DATA ARE POPULATION.

 (MU_WARNING 26) DATA ITEM(S) USED IN DEFINITION OF MU_(S) SHOULD BE CONSTANT FOR INDIV. REC.:
  WT EGFR AGE ALB
             
 (WARNING  121) INTERACTION IS IMPLIED WITH EM/BAYES ESTIMATION METHODS

 LIM VALUES MAXLIM ASSESSED BY NMTRAN: 1,2,3,4,5,6,7,8,10,11,13,15,16        
Recompiling certain components
Building NONMEM Executable
Starting nonmem execution ...
License Registered to: Metrum Research Group (with RADAR5NM)
Expiration Date:    14 JUL 2023
Current Date:       16 NOV 2022
Days until program expires : 243


 Chain Method Processing




 MCMC Bayesian Analysis
 MONITORING OF SEARCH:

 Burn-in Mode
 iteration          -10 MCMCOBJ=    35760.132798319690     
 Sampling Mode
 iteration            0 MCMCOBJ=    28922.723084634668     
 iteration           10 MCMCOBJ=    28717.104258823096     
 iteration           20 MCMCOBJ=    28496.530459128706     
 iteration           30 MCMCOBJ=    28397.671192508347     
 iteration           40 MCMCOBJ=    28346.809395397566     
 iteration           50 MCMCOBJ=    28392.586231576719     
 Elapsed estimation  time in seconds:     4.43
 BURN-IN WAS NOT TESTED FOR CONVERGENCE
 STATISTICAL PORTION WAS COMPLETED

 Elapsed covariance  time in seconds:     0.00
 Elapsed postprocess time in seconds:     2.80
 Elapsed finaloutput time in seconds:     0.12
Done with nonmem execution
