Starting NMTRAN
  
 WARNINGS AND ERRORS (IF ANY) FOR PROBLEM    1
             
 (WARNING  2) NM-TRAN INFERS THAT THE DATA ARE POPULATION.

 (MU_WARNING 26) DATA ITEM(S) USED IN DEFINITION OF MU_(S) SHOULD BE CONSTANT FOR INDIV. REC.:
  WT EGFR AGE ALB
             
 (WARNING  121) INTERACTION IS IMPLIED WITH EM/BAYES ESTIMATION METHODS

 LIM VALUES MAXLIM ASSESSED BY NMTRAN: 1,2,3,4,5,6,7,8,10,11,13,15,16        
Recompiling certain components
Building NONMEM Executable
Starting nonmem execution ...
License Registered to: Metrum Research Group (with RADAR5NM)
Expiration Date:    14 JUL 2023
Current Date:       16 NOV 2022
Days until program expires : 243


 Chain Method Processing




 MCMC Bayesian Analysis
 MONITORING OF SEARCH:

 Burn-in Mode
 iteration          -10 MCMCOBJ=    46379.015382015554     
 Sampling Mode
 iteration            0 MCMCOBJ=    29017.656852117019     
 iteration           10 MCMCOBJ=    28707.893735637761     
 iteration           20 MCMCOBJ=    28543.086244211801     
 iteration           30 MCMCOBJ=    28413.271030386797     
 iteration           40 MCMCOBJ=    28388.814144682601     
 iteration           50 MCMCOBJ=    28444.959087950851     
 Elapsed estimation  time in seconds:     4.41
 BURN-IN WAS NOT TESTED FOR CONVERGENCE
 STATISTICAL PORTION WAS COMPLETED

 Elapsed covariance  time in seconds:     0.00
 Elapsed postprocess time in seconds:     2.81
 Elapsed finaloutput time in seconds:     0.13
Done with nonmem execution
